
ROM used:   1678/16384 (5%)
            1678/16384 (5%) including unused fragments

            0.6 Average locations per line
            3.5 Average locations per statement

RAM used:   29/1536 (2%) at main() level
            67/1536 (4%) worst case

Stack used: 0 worst case (0 in main + 0 for interrupts)
Stack size: 31

Lines Stmts  %   Files
----- ----- ---  -----
  137    32   7  main.c
  762     0   0  ..\..\..\..\Program Files (x86)\PICC\devices\18F2520.H
 1351   318  67  ..\..\..\..\Program Files (x86)\PICC\drivers\stdlib.h
   32     0   0  ..\..\..\..\Program Files (x86)\PICC\drivers\stddef.h
  423   125  26  ..\..\..\..\Program Files (x86)\PICC\drivers\string.h
   28     0   0  ..\..\..\..\Program Files (x86)\PICC\drivers\ctype.h
----- -----
 2733   475 Total

Page ROM  %  RAM   Vol Diff  Functions:
---- --- --- ---   --- ----  ----------
0     40   1    1             @delay_ms1
0     82   2    6             @MULS1616
0    586  17   14  1815 10.5  atoi
0    430  13    1   690  5.7  main
0     26   1    0             @const894
0     32   1    3             @PSTRINGCN_9600_31766_31767
0     68   2    2             @PRINTF_X_9600_31766_31767
0     42   1    0             @const900
0     10   0    0             @const901
0      6   0    0             @const902
0     34   1    2             @PSTRINGC_9600_31766_31767
0      6   0    0             @const904
0     36   1    0             @const905
0     40   1    2             @PSTRINGR_9600_31766_31767
0     34   1    0             @const908
0     26   1    0             @const909
0     34   1    0             @const910
0     26   1    0             @const911
0     34   1    0             @const912
0     30   1    0             @const913
0     52   2    0             @const914
 Inline         0             @cinit1

Program metrics:
    Functions               2
    Statements              475
    Comments                1106
    Volume (V)              2890
    Difficulty (D)          14.4
    Effort to implement (E) 41660
    Time to implement (T)   39 minutes
    Est Delivered Bugs (B)  0
    Cyclomatic Complexity   13
    Maintainability (MI)    -5

 Segment     Used  Free
-----------  ----  ----
00000-00002     4  0  
00004-07FFE  1674  31090  



