
ROM used:   124/16384 (0%)
            124/16384 (0%) including unused fragments

            0.2 Average locations per line
            13.8 Average locations per statement

RAM used:   4/1536 (0%) at main() level
            5/1536 (0%) worst case

Stack used: 0 worst case (0 in main + 0 for interrupts)
Stack size: 31

Lines Stmts  %   Files
----- ----- ---  -----
   64     9 100  main.c
  762     0   0  ..\..\..\..\Program Files (x86)\PICC\devices\18f2520.h
----- -----
  826     9 Total

Page ROM  %  RAM   Vol Diff  Functions:
---- --- --- ---   --- ----  ----------
0     40  16    1             @delay_ms1
0     80  32    0   174  2.2  main
 Inline         0             @cinit1

Program metrics:
    Functions               1
    Statements              9
    Comments                184
    Volume (V)              179
    Difficulty (D)          2.0
    Effort to implement (E) 361
    Time to implement (T)   0 minutes
    Est Delivered Bugs (B)  0
    Cyclomatic Complexity   1
    Maintainability (MI)    150

 Segment     Used  Free
-----------  ----  ----
00000-00002     4  0  
00004-07FFE   120  32644  



