CCS PCH C Compiler, Version 5.005, 10097               21-oct-16 15:11

               Filename:   C:\Users\Milton\MPLABXProjects\blink.X\build\default\production\main.lst

               ROM used:   108 bytes (0%)
                           Largest free fragment is 32660
               RAM used:   5 (0%) at main() level
                           6 (0%) worst case
               Stack used: 0 locations
               Stack size: 31

*
0000:  GOTO   002A
.................... /*  
....................  * File:   main.c 
....................  * Author: Milton 
....................  * 
....................  * Created on 11 de octubre de 2016, 09:55 AM 
....................  */ 
.................... #include <18f2520.h> 
.................... //////// Standard Header file for the PIC18F2520 device //////////////// 
.................... #device PIC18F2520 
....................  
.................... #list 
....................  
.................... #fuses hs,nowdt,noprotect,noput 
.................... #use delay (clock=20M) 
0004:  CLRF   FEA
0006:  MOVLW  06
0008:  MOVWF  FE9
000A:  MOVF   FEF,W
000C:  BZ    0028
000E:  MOVLW  06
0010:  MOVWF  01
0012:  CLRF   00
0014:  DECFSZ 00,F
0016:  BRA    0014
0018:  DECFSZ 01,F
001A:  BRA    0012
001C:  MOVLW  7B
001E:  MOVWF  00
0020:  DECFSZ 00,F
0022:  BRA    0020
0024:  DECFSZ FEF,F
0026:  BRA    000E
0028:  RETURN 0
.................... #pragma config PBADEN = OFF 
....................  
.................... void main(void) 
002A:  CLRF   FF8
002C:  BCF    FD0.7
002E:  MOVF   FC1,W
0030:  ANDLW  C0
0032:  IORLW  0F
0034:  MOVWF  FC1
0036:  MOVLW  07
0038:  MOVWF  FB4
....................  { 
....................      
....................    setup_adc(ADC_OFF);            // Built-in A/D setup function 
003A:  BCF    FC2.0
....................     while(TRUE) {        
....................         output_high(PIN_B5); 
003C:  BCF    F93.5
003E:  BSF    F8A.5
....................         output_low(PIN_A2); 
0040:  BCF    F92.2
0042:  BCF    F89.2
....................         delay_ms(500); 
0044:  MOVLW  02
0046:  MOVWF  05
0048:  MOVLW  FA
004A:  MOVWF  06
004C:  RCALL  0004
004E:  DECFSZ 05,F
0050:  BRA    0048
....................         output_low(PIN_B5); 
0052:  BCF    F93.5
0054:  BCF    F8A.5
....................         output_high(PIN_A2); 
0056:  BCF    F92.2
0058:  BSF    F89.2
....................         delay_ms(500); 
005A:  MOVLW  02
005C:  MOVWF  05
005E:  MOVLW  FA
0060:  MOVWF  06
0062:  RCALL  0004
0064:  DECFSZ 05,F
0066:  BRA    005E
0068:  BRA    003C
....................     } 
.................... } 
006A:  SLEEP 

Configuration Fuses:
   Word  1: C200   HS FCMEN IESO
   Word  2: 1E1F   NOPUT BROWNOUT BORV21 NOWDT WDT32768
   Word  3: 8700   CCP2C1 PBADEN LPT1OSC MCLR
   Word  4: 0081   STVREN NOLVP NOXINST NODEBUG
   Word  5: C00F   NOPROTECT NOCPB NOCPD
   Word  6: E00F   NOWRT NOWRTC NOWRTB NOWRTD
   Word  7: 400F   NOEBTR NOEBTRB
