
ROM used:   116/16384 (0%)
            116/16384 (0%) including unused fragments

            0.1 Average locations per line
            7.3 Average locations per statement

RAM used:   4/1536 (0%) at main() level
            4/1536 (0%) worst case

Stack used: 0 worst case (0 in main + 0 for interrupts)
Stack size: 31

Lines Stmts  %   Files
----- ----- ---  -----
   44    16 100  main.c
  762     0   0  ..\..\..\..\Program Files (x86)\PICC\devices\18f2520.h
----- -----
  806    16 Total

Page ROM  %  RAM   Vol Diff  Functions:
---- --- --- ---   --- ----  ----------
0    112  48    0   346  2.3  main
 Inline         0             @cinit1

Program metrics:
    Functions               1
    Statements              16
    Comments                162
    Volume (V)              349
    Difficulty (D)          2.3
    Effort to implement (E) 795
    Time to implement (T)   1 minutes
    Est Delivered Bugs (B)  0
    Cyclomatic Complexity   1
    Maintainability (MI)    134

 Segment     Used  Free
-----------  ----  ----
00000-00002     4  0  
00004-07FFE   112  32652  



