
ROM used:   934/16384 (3%)
            934/16384 (3%) including unused fragments

            0.7 Average locations per line
            6.1 Average locations per statement

RAM used:   15/1536 (1%) at main() level
            23/1536 (1%) worst case

Stack used: 0 worst case (0 in main + 0 for interrupts)
Stack size: 31

Lines Stmts  %   Files
----- ----- ---  -----
   69    29  19  main.c
  762     0   0  ..\..\..\..\Program Files (x86)\PICC\devices\18f2520.h
  423   125  81  ..\..\..\..\Program Files (x86)\PICC\drivers\string.h
   32     0   0  ..\..\..\..\Program Files (x86)\PICC\drivers\stddef.h
   28     0   0  ..\..\..\..\Program Files (x86)\PICC\drivers\ctype.h
----- -----
 1314   154 Total

Page ROM  %  RAM   Vol Diff  Functions:
---- --- --- ---   --- ----  ----------
0     38   2    1             @delay_ms1
0     52   3    5   129  4.6  strlen
0    344  18    9   823  6.7  MAIN
0      6   0    0             @const727
0     34   2    2             @PSTRINGC_9600_31766_31767
0     40   2    0             @const729
0     38   2    2             @PSTRINGR_9600_31766_31767
0     20   1    0             @const732
0     32   2    3             @PSTRINGCN_9600_31766_31767
0     40   2    3             @DIV88
0    178  10    6             @PRINTF_D_9600_31766_31767
0     24   1    0             @const741
0     28   1    0             @const742
0     22   1    0             @const743
0     34   2    1    92  1.3  enciende_bomba
 Inline         0             @cinit1

Program metrics:
    Functions               3
    Statements              154
    Comments                317
    Volume (V)              1283
    Difficulty (D)          11.0
    Effort to implement (E) 14095
    Time to implement (T)   13 minutes
    Est Delivered Bugs (B)  0
    Cyclomatic Complexity   3
    Maintainability (MI)    65

 Segment     Used  Free
-----------  ----  ----
00000-00002     4  0  
00004-07FFE   930  31834  



