
ROM used:   90/16384 (0%)
            90/16384 (0%) including unused fragments

            0.0 Average locations per line
            0.2 Average locations per statement

RAM used:   11/1536 (1%) at main() level
            12/1536 (1%) worst case

Stack used: 0 worst case (0 in main + 0 for interrupts)
Stack size: 31

Lines Stmts  %   Files
----- ----- ---  -----
   29     6   2  main.c
  762     0   0  ..\..\..\..\Program Files (x86)\PICC\devices\18f2520.h
   37     0   0  ..\..\..\..\Program Files (x86)\PICC\drivers\stdio.h
  423     0   0  ..\..\..\..\Program Files (x86)\PICC\drivers\string.h
   32     0   0  ..\..\..\..\Program Files (x86)\PICC\drivers\stddef.h
   28     0   0  ..\..\..\..\Program Files (x86)\PICC\drivers\ctype.h
 1351   359  98  ..\..\..\..\Program Files (x86)\PICC\drivers\stdlib.h
----- -----
 2662   365 Total

Page ROM  %  RAM   Vol Diff  Functions:
---- --- --- ---   --- ----  ----------
0     26  14    1             @delay_ms1
0     60  33    1    86  1.6  MAIN
 Inline         0             @cinit1

Program metrics:
    Functions               1
    Statements              365
    Comments                729
    Volume (V)              90
    Difficulty (D)          1.4
    Effort to implement (E) 125
    Time to implement (T)   0 minutes
    Est Delivered Bugs (B)  0
    Cyclomatic Complexity   1
    Maintainability (MI)    10

 Segment     Used  Free
-----------  ----  ----
00000-00002     4  0  
00004-07FFE    86  32678  



